Summary of SPARK analysis
=========================

-------------------------------------------------------------------------------------------------------------
SPARK Analysis results        Total       Flow   CodePeer                      Provers   Justified   Unproved
-------------------------------------------------------------------------------------------------------------
Data Dependencies                 1          1          .                            .           .          .
Flow Dependencies                 1          1          .                            .           .          .
Initialization                    3          3          .                            .           .          .
Non-Aliasing                      .          .          .                            .           .          .
Run-time Checks                  11          .          .    8 (CVC4 88%, Trivial 13%)           .          3
Assertions                        .          .          .                            .           .          .
Functional Contracts              2          .          .                     2 (CVC4)           .          .
LSP Verification                  .          .          .                            .           .          .
Termination                       .          .          .                            .           .          .
Concurrency                       .          .          .                            .           .          .
-------------------------------------------------------------------------------------------------------------
Total                            18    5 (28%)          .                     10 (56%)           .    3 (17%)


max steps used for successful proof: 1

Analyzed 5 units
in unit increment, 1 subprograms and packages out of 1 analyzed
  Increment at increment.ads:1 flow analyzed (0 errors, 0 checks and 0 warnings) and proved (3 checks)
in unit pkg_ada_dtstamp, 0 subprograms and packages out of 12 analyzed
  pkg_ada_dtstamp.GetTime at pkg_ada_dtstamp.adb:59 skipped
  pkg_ada_dtstamp.RTdelay_msec at pkg_ada_dtstamp.ads:19 skipped
  pkg_ada_dtstamp.RTdelay_nsec at pkg_ada_dtstamp.ads:21 skipped
  pkg_ada_dtstamp.RTdelay_sec at pkg_ada_dtstamp.ads:18 skipped
  pkg_ada_dtstamp.RTdelay_usec at pkg_ada_dtstamp.ads:20 skipped
  pkg_ada_dtstamp.dtstamp at pkg_ada_dtstamp.ads:14 skipped
  pkg_ada_dtstamp.get_datestamp at pkg_ada_dtstamp.ads:15 skipped
  pkg_ada_dtstamp.get_timestamp at pkg_ada_dtstamp.ads:16 skipped
  pkg_ada_dtstamp.looptest10_RTdelay_msec at pkg_ada_dtstamp.ads:24 skipped
  pkg_ada_dtstamp.looptest10_RTdelay_nsec at pkg_ada_dtstamp.ads:26 skipped
  pkg_ada_dtstamp.looptest10_RTdelay_sec at pkg_ada_dtstamp.ads:23 skipped
  pkg_ada_dtstamp.looptest10_RTdelay_usec at pkg_ada_dtstamp.ads:25 skipped
in unit pkg_math_functions, 4 subprograms and packages out of 4 analyzed
  pkg_math_functions at pkg_math_functions.ads:3 flow analyzed (0 errors, 0 checks and 0 warnings) and proved (0 checks)
  pkg_math_functions.Exp at pkg_math_functions.ads:10 flow analyzed (0 errors, 0 checks and 0 warnings) and not proved, 0 checks out of 1 proved
  pkg_math_functions.Find at pkg_math_functions.ads:12 flow analyzed (0 errors, 0 checks and 0 warnings) and proved (2 checks)
  pkg_math_functions.Sqrt at pkg_math_functions.ads:9 flow analyzed (0 errors, 0 checks and 0 warnings) and proved (2 checks)
in unit side_effects, 3 subprograms and packages out of 3 analyzed
  Side_Effects at side_effects.ads:1 flow analyzed (0 errors, 0 checks and 0 warnings) and proved (0 checks)
  Side_Effects.Incr at side_effects.ads:5 flow analyzed (0 errors, 0 checks and 0 warnings) and not proved, 0 checks out of 1 proved
  Side_Effects.Incr_And_Log at side_effects.ads:7 flow analyzed (0 errors, 0 checks and 0 warnings) and not proved, 0 checks out of 1 proved
in unit spkmain_studio_01, 1 subprograms and packages out of 1 analyzed
  spkmain_studio_01 at spkmain_studio_01.adb:9 flow analyzed (0 errors, 0 checks and 0 warnings) and proved (3 checks)
